<?xml version="1.0" encoding="UTF-8"?>
<!-- Generated by org.testng.reporters.JUnitXMLReporter -->
<testsuite ignored="0" hostname="DESKTOP-7Q707H3" failures="1" tests="6" name="Surefire test" time="34.33" errors="0" timestamp="2025-08-04T12:32:45 BDT">
  <testcase classname="tests.AlertTest" name="alertTest" time="0.488"/>
  <testcase classname="tests.BasicAuthTest" name="basicAuthTest" time="0.0"/>
  <testcase classname="tests.DataTableTests" name="dataTableTest" time="0.664">
    <failure type="java.lang.NullPointerException" message="Cannot invoke &amp;quot;java.util.List.iterator()&amp;quot; because the return value of &amp;quot;pages.DataTablesPage.getFirstDueList()&amp;quot; is null">
      <![CDATA[java.lang.NullPointerException: Cannot invoke "java.util.List.iterator()" because the return value of "pages.DataTablesPage.getFirstDueList()" is null
at tests.DataTableTests.dataTableTest(DataTableTests.java:17)
at java.base/java.util.ArrayList.forEach(ArrayList.java:1596)
... Removed 30 stack frames]]>
    </failure>
  </testcase> <!-- dataTableTest -->
  <testcase classname="tests.DynamicControlsTest" name="dynamicControlsTest" time="0.0"/>
  <testcase classname="tests.FileDownloadTest" name="fileDownloadTest" time="0.0"/>
  <testcase classname="tests.FileUploadTest" name="fileUploadTest" time="0.0"/>
</testsuite> <!-- Surefire test -->
