<?xml version="1.0" encoding="UTF-8"?>
<testsuite xmlns:xsi="http://www.w3.org/2001/XMLSchema-instance" xsi:noNamespaceSchemaLocation="https://maven.apache.org/surefire/maven-surefire-plugin/xsd/surefire-test-report-3.0.xsd" version="3.0" name="TestSuite" time="35.919" tests="6" errors="0" skipped="0" failures="1">
  <properties>
[...]
</properties>
  <testcase name="alertTest" classname="tests.AlertTest" time="0.488">
    <system-out><![CDATA[2025-08-04 12:32:11 INFO  - Browser 'CHROME' ready...
2025-08-04 12:32:11 INFO  - Maximizing browser window
2025-08-04 12:32:11 INFO  - Navigate to url - 'https://the-internet.herokuapp.com'
2025-08-04 12:32:18 INFO  - Link 'JavaScript Alerts' :: Clicking
2025-08-04 12:32:19 INFO  - Button 'Click for JS alert' :: Clicking
2025-08-04 12:32:19 INFO  - Accepting browser alert
]]></system-out>
    <system-err><![CDATA[SLF4J: Failed to load class "org.slf4j.impl.StaticLoggerBinder".
SLF4J: Defaulting to no-operation (NOP) logger implementation
SLF4J: See http://www.slf4j.org/codes.html#StaticLoggerBinder for further details.
2025-08-04T06:32:10.569222500Z main INFO Starting configuration org.apache.logging.log4j.core.config.properties.PropertiesConfiguration@187eb9a8...
2025-08-04T06:32:10.569222500Z main INFO Configuration org.apache.logging.log4j.core.config.properties.PropertiesConfiguration@187eb9a8 started.
2025-08-04T06:32:10.570225400Z main INFO Stopping configuration org.apache.logging.log4j.core.config.DefaultConfiguration@54e81b21...
2025-08-04T06:32:10.570225400Z main INFO Configuration org.apache.logging.log4j.core.config.DefaultConfiguration@54e81b21 stopped.
]]></system-err>
  </testcase>
  <testcase name="basicAuthTest" classname="tests.BasicAuthTest" time="0.0">
    <system-out><![CDATA[2025-08-04 12:32:19 INFO  - Closing browser
2025-08-04 12:32:20 INFO  - Browser 'CHROME' ready...
2025-08-04 12:32:20 INFO  - Maximizing browser window
2025-08-04 12:32:20 INFO  - Navigate to url - 'https://the-internet.herokuapp.com'
]]></system-out>
  </testcase>
  <testcase name="dataTableTest" classname="tests.DataTableTests" time="0.668">
    <failure message="Cannot invoke &quot;java.util.List.iterator()&quot; because the return value of &quot;pages.DataTablesPage.getFirstDueList()&quot; is null" type="java.lang.NullPointerException"><![CDATA[java.lang.NullPointerException: Cannot invoke "java.util.List.iterator()" because the return value of "pages.DataTablesPage.getFirstDueList()" is null
	at tests.DataTableTests.dataTableTest(DataTableTests.java:17)
	at java.base/jdk.internal.reflect.DirectMethodHandleAccessor.invoke(DirectMethodHandleAccessor.java:103)
	at java.base/java.lang.reflect.Method.invoke(Method.java:580)
	at org.testng.internal.invokers.MethodInvocationHelper.invokeMethod(MethodInvocationHelper.java:139)
	at org.testng.internal.invokers.TestInvoker.invokeMethod(TestInvoker.java:664)
	at org.testng.internal.invokers.TestInvoker.invokeTestMethod(TestInvoker.java:227)
	at org.testng.internal.invokers.MethodRunner.runInSequence(MethodRunner.java:50)
	at org.testng.internal.invokers.TestInvoker$MethodInvocationAgent.invoke(TestInvoker.java:957)
	at org.testng.internal.invokers.TestInvoker.invokeTestMethods(TestInvoker.java:200)
	at org.testng.internal.invokers.TestMethodWorker.invokeTestMethods(TestMethodWorker.java:148)
	at org.testng.internal.invokers.TestMethodWorker.run(TestMethodWorker.java:128)
	at java.base/java.util.ArrayList.forEach(ArrayList.java:1596)
	at org.testng.TestRunner.privateRun(TestRunner.java:848)
	at org.testng.TestRunner.run(TestRunner.java:621)
	at org.testng.SuiteRunner.runTest(SuiteRunner.java:443)
	at org.testng.SuiteRunner.runSequentially(SuiteRunner.java:437)
	at org.testng.SuiteRunner.privateRun(SuiteRunner.java:397)
	at org.testng.SuiteRunner.run(SuiteRunner.java:336)
	at org.testng.SuiteRunnerWorker.runSuite(SuiteRunnerWorker.java:52)
	at org.testng.SuiteRunnerWorker.run(SuiteRunnerWorker.java:95)
	at org.testng.TestNG.runSuitesSequentially(TestNG.java:1280)
	at org.testng.TestNG.runSuitesLocally(TestNG.java:1200)
	at org.testng.TestNG.runSuites(TestNG.java:1114)
	at org.testng.TestNG.run(TestNG.java:1082)
	at org.apache.maven.surefire.testng.TestNGExecutor.run(TestNGExecutor.java:155)
	at org.apache.maven.surefire.testng.TestNGDirectoryTestSuite.executeMulti(TestNGDirectoryTestSuite.java:169)
	at org.apache.maven.surefire.testng.TestNGDirectoryTestSuite.execute(TestNGDirectoryTestSuite.java:88)
	at org.apache.maven.surefire.testng.TestNGProvider.invoke(TestNGProvider.java:137)
	at org.apache.maven.surefire.booter.ForkedBooter.runSuitesInProcess(ForkedBooter.java:385)
	at org.apache.maven.surefire.booter.ForkedBooter.execute(ForkedBooter.java:162)
	at org.apache.maven.surefire.booter.ForkedBooter.run(ForkedBooter.java:507)
	at org.apache.maven.surefire.booter.ForkedBooter.main(ForkedBooter.java:495)
]]></failure>
    <system-out><![CDATA[2025-08-04 12:32:28 INFO  - Closing browser
2025-08-04 12:32:29 INFO  - Browser 'CHROME' ready...
2025-08-04 12:32:29 INFO  - Maximizing browser window
2025-08-04 12:32:29 INFO  - Navigate to url - 'https://the-internet.herokuapp.com'
2025-08-04 12:32:32 INFO  - Link 'Sortable Data Tables' :: Clicking
]]></system-out>
  </testcase>
  <testcase name="dynamicControlsTest" classname="tests.DynamicControlsTest" time="0.0">
    <system-out><![CDATA[2025-08-04 12:32:33 INFO  - Closing browser
2025-08-04 12:32:34 INFO  - Browser 'CHROME' ready...
2025-08-04 12:32:34 INFO  - Maximizing browser window
2025-08-04 12:32:34 INFO  - Navigate to url - 'https://the-internet.herokuapp.com'
]]></system-out>
  </testcase>
  <testcase name="fileDownloadTest" classname="tests.FileDownloadTest" time="0.0">
    <system-out><![CDATA[2025-08-04 12:32:37 INFO  - Closing browser
2025-08-04 12:32:38 INFO  - Browser 'CHROME' ready...
2025-08-04 12:32:38 INFO  - Maximizing browser window
2025-08-04 12:32:38 INFO  - Navigate to url - 'https://the-internet.herokuapp.com'
]]></system-out>
  </testcase>
  <testcase name="fileUploadTest" classname="tests.FileUploadTest" time="0.0">
    <system-out><![CDATA[2025-08-04 12:32:41 INFO  - Closing browser
2025-08-04 12:32:42 INFO  - Browser 'CHROME' ready...
2025-08-04 12:32:42 INFO  - Maximizing browser window
2025-08-04 12:32:42 INFO  - Navigate to url - 'https://the-internet.herokuapp.com'
]]></system-out>
  </testcase>
</testsuite>