<?xml version="1.0" encoding="UTF-8"?>
<testng-results ignored="0" total="6" passed="5" failed="1" skipped="0">
  <reporter-output>
  </reporter-output>
  <suite started-at="2025-08-04T12:32:11 BDT" name="Surefire suite" finished-at="2025-08-04T12:32:45 BDT" duration-ms="34330">
    <groups>
    </groups>
    <test started-at="2025-08-04T12:32:11 BDT" name="Surefire test" finished-at="2025-08-04T12:32:45 BDT" duration-ms="34330">
      <class name="tests.FileDownloadTest">
        <test-method is-config="true" signature="setup()[pri:0, instance:tests.FileDownloadTest@7a389761]" started-at="2025-08-04T12:32:37 BDT" name="setup" finished-at="2025-08-04T12:32:41 BDT" duration-ms="3845" status="PASS">
          <reporter-output>
          </reporter-output>
        </test-method> <!-- setup -->
        <test-method signature="fileDownloadTest()[pri:0, instance:tests.FileDownloadTest@7a389761]" started-at="2025-08-04T12:32:41 BDT" name="fileDownloadTest" finished-at="2025-08-04T12:32:41 BDT" duration-ms="0" status="PASS">
          <reporter-output>
          </reporter-output>
        </test-method> <!-- fileDownloadTest -->
        <test-method is-config="true" signature="teardown()[pri:0, instance:tests.FileDownloadTest@7a389761]" started-at="2025-08-04T12:32:41 BDT" name="teardown" finished-at="2025-08-04T12:32:41 BDT" duration-ms="98" status="PASS">
          <reporter-output>
          </reporter-output>
        </test-method> <!-- teardown -->
        <test-method is-config="true" signature="deleteFile()[pri:0, instance:tests.FileDownloadTest@7a389761]" started-at="2025-08-04T12:32:41 BDT" name="deleteFile" finished-at="2025-08-04T12:32:41 BDT" duration-ms="0" status="PASS">
          <reporter-output>
          </reporter-output>
        </test-method> <!-- deleteFile -->
      </class> <!-- tests.FileDownloadTest -->
      <class name="tests.DataTableTests">
        <test-method is-config="true" signature="setup()[pri:0, instance:tests.DataTableTests@54a67a45]" started-at="2025-08-04T12:32:28 BDT" name="setup" finished-at="2025-08-04T12:32:32 BDT" duration-ms="4106" status="PASS">
          <reporter-output>
          </reporter-output>
        </test-method> <!-- setup -->
        <test-method signature="dataTableTest()[pri:0, instance:tests.DataTableTests@54a67a45]" started-at="2025-08-04T12:32:32 BDT" name="dataTableTest" finished-at="2025-08-04T12:32:33 BDT" duration-ms="664" status="FAIL">
          <exception class="java.lang.NullPointerException">
            <message>
              <![CDATA[Cannot invoke "java.util.List.iterator()" because the return value of "pages.DataTablesPage.getFirstDueList()" is null]]>
            </message>
            <full-stacktrace>
              <![CDATA[java.lang.NullPointerException: Cannot invoke "java.util.List.iterator()" because the return value of "pages.DataTablesPage.getFirstDueList()" is null
at tests.DataTableTests.dataTableTest(DataTableTests.java:17)
at java.base/jdk.internal.reflect.DirectMethodHandleAccessor.invoke(DirectMethodHandleAccessor.java:103)
at java.base/java.lang.reflect.Method.invoke(Method.java:580)
at org.testng.internal.invokers.MethodInvocationHelper.invokeMethod(MethodInvocationHelper.java:139)
at org.testng.internal.invokers.TestInvoker.invokeMethod(TestInvoker.java:664)
at org.testng.internal.invokers.TestInvoker.invokeTestMethod(TestInvoker.java:227)
at org.testng.internal.invokers.MethodRunner.runInSequence(MethodRunner.java:50)
at org.testng.internal.invokers.TestInvoker$MethodInvocationAgent.invoke(TestInvoker.java:957)
at org.testng.internal.invokers.TestInvoker.invokeTestMethods(TestInvoker.java:200)
at org.testng.internal.invokers.TestMethodWorker.invokeTestMethods(TestMethodWorker.java:148)
at org.testng.internal.invokers.TestMethodWorker.run(TestMethodWorker.java:128)
at java.base/java.util.ArrayList.forEach(ArrayList.java:1596)
at org.testng.TestRunner.privateRun(TestRunner.java:848)
at org.testng.TestRunner.run(TestRunner.java:621)
at org.testng.SuiteRunner.runTest(SuiteRunner.java:443)
at org.testng.SuiteRunner.runSequentially(SuiteRunner.java:437)
at org.testng.SuiteRunner.privateRun(SuiteRunner.java:397)
at org.testng.SuiteRunner.run(SuiteRunner.java:336)
at org.testng.SuiteRunnerWorker.runSuite(SuiteRunnerWorker.java:52)
at org.testng.SuiteRunnerWorker.run(SuiteRunnerWorker.java:95)
at org.testng.TestNG.runSuitesSequentially(TestNG.java:1280)
at org.testng.TestNG.runSuitesLocally(TestNG.java:1200)
at org.testng.TestNG.runSuites(TestNG.java:1114)
at org.testng.TestNG.run(TestNG.java:1082)
at org.apache.maven.surefire.testng.TestNGExecutor.run(TestNGExecutor.java:155)
at org.apache.maven.surefire.testng.TestNGDirectoryTestSuite.executeMulti(TestNGDirectoryTestSuite.java:169)
at org.apache.maven.surefire.testng.TestNGDirectoryTestSuite.execute(TestNGDirectoryTestSuite.java:88)
at org.apache.maven.surefire.testng.TestNGProvider.invoke(TestNGProvider.java:137)
at org.apache.maven.surefire.booter.ForkedBooter.runSuitesInProcess(ForkedBooter.java:385)
at org.apache.maven.surefire.booter.ForkedBooter.execute(ForkedBooter.java:162)
at org.apache.maven.surefire.booter.ForkedBooter.run(ForkedBooter.java:507)
at org.apache.maven.surefire.booter.ForkedBooter.main(ForkedBooter.java:495)
]]>
            </full-stacktrace>
          </exception> <!-- java.lang.NullPointerException -->
          <reporter-output>
          </reporter-output>
        </test-method> <!-- dataTableTest -->
        <test-method is-config="true" signature="teardown()[pri:0, instance:tests.DataTableTests@54a67a45]" started-at="2025-08-04T12:32:33 BDT" name="teardown" finished-at="2025-08-04T12:32:33 BDT" duration-ms="109" status="PASS">
          <reporter-output>
          </reporter-output>
        </test-method> <!-- teardown -->
      </class> <!-- tests.DataTableTests -->
      <class name="tests.DynamicControlsTest">
        <test-method is-config="true" signature="setup()[pri:0, instance:tests.DynamicControlsTest@56aaaecd]" started-at="2025-08-04T12:32:33 BDT" name="setup" finished-at="2025-08-04T12:32:37 BDT" duration-ms="4023" status="PASS">
          <reporter-output>
          </reporter-output>
        </test-method> <!-- setup -->
        <test-method signature="dynamicControlsTest()[pri:0, instance:tests.DynamicControlsTest@56aaaecd]" started-at="2025-08-04T12:32:37 BDT" name="dynamicControlsTest" finished-at="2025-08-04T12:32:37 BDT" duration-ms="0" status="PASS">
          <reporter-output>
          </reporter-output>
        </test-method> <!-- dynamicControlsTest -->
        <test-method is-config="true" signature="teardown()[pri:0, instance:tests.DynamicControlsTest@56aaaecd]" started-at="2025-08-04T12:32:37 BDT" name="teardown" finished-at="2025-08-04T12:32:37 BDT" duration-ms="95" status="PASS">
          <reporter-output>
          </reporter-output>
        </test-method> <!-- teardown -->
      </class> <!-- tests.DynamicControlsTest -->
      <class name="tests.FileUploadTest">
        <test-method is-config="true" signature="setup()[pri:0, instance:tests.FileUploadTest@19650aa6]" started-at="2025-08-04T12:32:41 BDT" name="setup" finished-at="2025-08-04T12:32:45 BDT" duration-ms="4021" status="PASS">
          <reporter-output>
          </reporter-output>
        </test-method> <!-- setup -->
        <test-method signature="fileUploadTest()[pri:0, instance:tests.FileUploadTest@19650aa6]" started-at="2025-08-04T12:32:45 BDT" name="fileUploadTest" finished-at="2025-08-04T12:32:45 BDT" duration-ms="0" status="PASS">
          <reporter-output>
          </reporter-output>
        </test-method> <!-- fileUploadTest -->
        <test-method is-config="true" signature="teardown()[pri:0, instance:tests.FileUploadTest@19650aa6]" started-at="2025-08-04T12:32:45 BDT" name="teardown" finished-at="2025-08-04T12:32:45 BDT" duration-ms="88" status="PASS">
          <reporter-output>
          </reporter-output>
        </test-method> <!-- teardown -->
      </class> <!-- tests.FileUploadTest -->
      <class name="tests.BasicAuthTest">
        <test-method is-config="true" signature="setup()[pri:0, instance:tests.BasicAuthTest@4233e892]" started-at="2025-08-04T12:32:19 BDT" name="setup" finished-at="2025-08-04T12:32:28 BDT" duration-ms="9130" status="PASS">
          <reporter-output>
          </reporter-output>
        </test-method> <!-- setup -->
        <test-method signature="basicAuthTest()[pri:0, instance:tests.BasicAuthTest@4233e892]" started-at="2025-08-04T12:32:28 BDT" name="basicAuthTest" finished-at="2025-08-04T12:32:28 BDT" duration-ms="0" status="PASS">
          <reporter-output>
          </reporter-output>
        </test-method> <!-- basicAuthTest -->
        <test-method is-config="true" signature="teardown()[pri:0, instance:tests.BasicAuthTest@4233e892]" started-at="2025-08-04T12:32:28 BDT" name="teardown" finished-at="2025-08-04T12:32:28 BDT" duration-ms="94" status="PASS">
          <reporter-output>
          </reporter-output>
        </test-method> <!-- teardown -->
        <test-method is-config="true" signature="auth()[pri:0, instance:tests.BasicAuthTest@4233e892]" started-at="2025-08-04T12:32:28 BDT" name="auth" finished-at="2025-08-04T12:32:28 BDT" duration-ms="0" status="PASS">
          <reporter-output>
          </reporter-output>
        </test-method> <!-- auth -->
      </class> <!-- tests.BasicAuthTest -->
      <class name="tests.AlertTest">
        <test-method is-config="true" signature="setup()[pri:0, instance:tests.AlertTest@37efd131]" started-at="2025-08-04T12:32:11 BDT" name="setup" finished-at="2025-08-04T12:32:18 BDT" duration-ms="7449" status="PASS">
          <reporter-output>
          </reporter-output>
        </test-method> <!-- setup -->
        <test-method signature="alertTest()[pri:0, instance:tests.AlertTest@37efd131]" started-at="2025-08-04T12:32:18 BDT" name="alertTest" finished-at="2025-08-04T12:32:19 BDT" duration-ms="488" status="PASS">
          <reporter-output>
          </reporter-output>
        </test-method> <!-- alertTest -->
        <test-method is-config="true" signature="teardown()[pri:0, instance:tests.AlertTest@37efd131]" started-at="2025-08-04T12:32:19 BDT" name="teardown" finished-at="2025-08-04T12:32:19 BDT" duration-ms="99" status="PASS">
          <reporter-output>
          </reporter-output>
        </test-method> <!-- teardown -->
      </class> <!-- tests.AlertTest -->
    </test> <!-- Surefire test -->
  </suite> <!-- Surefire suite -->
</testng-results>
